2019-12-08T15:47:34: Automation server listening at 127.0.0.1:3000
2019-12-08T16:15:42: Automation server listening at 127.0.0.1:3000
2019-12-08T16:16:30: Sun Dec 08 2019 16:16:30 GMT-0500 (Eastern Standard Time) - Provision post
2019-12-08T16:16:30: Sun Dec 08 2019 16:16:30 GMT-0500 (Eastern Standard Time)- installNPMMOdules
2019-12-08T16:17:02: Sun Dec 08 2019 16:17:02 GMT-0500 (Eastern Standard Time) - child process exited with code 0
2019-12-08T16:17:02: Sun Dec 08 2019 16:17:02 GMT-0500 (Eastern Standard Time) - buildAngularApp
2019-12-08T16:17:02: ngloffdsgDirPath:  C:\src\github\awp-auto\services\test-ng-app-one\0.0.1\logs\install\ng
2019-12-08T16:17:35: Sun Dec 08 2019 16:17:35 GMT-0500 (Eastern Standard Time) - child process exited with code 0
2019-12-08T16:17:41: finished provisioning:  true
2019-12-08T16:18:12: { action: 'reload', id: 1 }
2019-12-08T16:18:45: Sun Dec 08 2019 16:18:45 GMT-0500 (Eastern Standard Time) - Provision post
2019-12-08T16:18:45: Sun Dec 08 2019 16:18:45 GMT-0500 (Eastern Standard Time)- installNPMMOdules
2019-12-08T16:19:17: Sun Dec 08 2019 16:19:17 GMT-0500 (Eastern Standard Time) - child process exited with code 0
2019-12-08T16:19:17: Sun Dec 08 2019 16:19:17 GMT-0500 (Eastern Standard Time) - buildAngularApp
2019-12-08T16:19:17: ngloffdsgDirPath:  C:\src\github\awp-auto\services\test-ng-app-two\0.0.0\logs\install\ng
2019-12-08T16:19:51: Sun Dec 08 2019 16:19:51 GMT-0500 (Eastern Standard Time) - child process exited with code 0
2019-12-08T16:19:57: finished provisioning:  true
2019-12-08T16:20:41: { action: 'reload', id: 0 }
2019-12-08T16:20:43: Automation server listening at 127.0.0.1:3000
2019-12-08T16:20:43: { action: 'reload', id: 0 }
2019-12-08T16:24:36: { action: 'reload', id: 0 }
2019-12-08T16:24:38: Automation server listening at 127.0.0.1:3000
2019-12-08T16:26:34: { action: 'reload', id: 0 }
2019-12-08T16:26:36: Automation server listening at 127.0.0.1:3000
2019-12-08T16:26:36: { action: 'reload', id: 0 }
2019-12-08T16:26:54: Sun Dec 08 2019 16:26:54 GMT-0500 (Eastern Standard Time) - Provision post
2019-12-08T16:26:54: Application already exists!
2019-12-08T16:26:54: Sun Dec 08 2019 16:26:54 GMT-0500 (Eastern Standard Time)- installNPMMOdules
2019-12-08T16:27:26: Sun Dec 08 2019 16:27:26 GMT-0500 (Eastern Standard Time) - child process exited with code 0
2019-12-08T16:27:26: Sun Dec 08 2019 16:27:26 GMT-0500 (Eastern Standard Time) - buildAngularApp
2019-12-08T16:27:26: ngloffdsgDirPath:  C:\src\github\awp-auto\services\test-ng-app-two\0.0.0\logs\install\ng
2019-12-08T16:27:59: Sun Dec 08 2019 16:27:59 GMT-0500 (Eastern Standard Time) - child process exited with code 0
2019-12-08T16:28:04: finished provisioning:  true
